<?xml version="1.0" encoding="UTF-8"?>
<testsuite name="is.ru.stringcalculator.CalculatorTest" tests="10" skipped="0" failures="0" errors="0" timestamp="2017-10-11T11:29:26" hostname="DESKTOP-K49HUV0" time="0.017">
  <properties/>
  <testcase name="testThrowExceptionForOneNegativeNumber" classname="is.ru.stringcalculator.CalculatorTest" time="0.005"/>
  <testcase name="testTwoNumbersWithNewline" classname="is.ru.stringcalculator.CalculatorTest" time="0.0"/>
  <testcase name="testChangeDelimiter" classname="is.ru.stringcalculator.CalculatorTest" time="0.0"/>
  <testcase name="testEmptyString" classname="is.ru.stringcalculator.CalculatorTest" time="0.001"/>
  <testcase name="testThrowExceptionForTwoNegativeNumbers" classname="is.ru.stringcalculator.CalculatorTest" time="0.0"/>
  <testcase name="testNumberOver1000ShouldBeIgnored" classname="is.ru.stringcalculator.CalculatorTest" time="0.001"/>
  <testcase name="testThreeNumbersWithNewline" classname="is.ru.stringcalculator.CalculatorTest" time="0.0"/>
  <testcase name="testThreeNumbers" classname="is.ru.stringcalculator.CalculatorTest" time="0.0"/>
  <testcase name="testTwoNumbers" classname="is.ru.stringcalculator.CalculatorTest" time="0.001"/>
  <testcase name="testOneNumber" classname="is.ru.stringcalculator.CalculatorTest" time="0.0"/>
  <system-out><![CDATA[]]></system-out>
  <system-err><![CDATA[]]></system-err>
</testsuite>
