<?xml version="1.0" encoding="UTF-8"?>
<testsuite name="is.ru.stringcalculator.CalculatorTest" tests="4" skipped="0" failures="0" errors="0" timestamp="2017-10-09T13:54:47" hostname="DESKTOP-K49HUV0" time="0.01">
  <properties/>
  <testcase name="testEmptyString" classname="is.ru.stringcalculator.CalculatorTest" time="0.006"/>
  <testcase name="testThreeNumbers" classname="is.ru.stringcalculator.CalculatorTest" time="0.001"/>
  <testcase name="testTwoNumbers" classname="is.ru.stringcalculator.CalculatorTest" time="0.0"/>
  <testcase name="testOneNumber" classname="is.ru.stringcalculator.CalculatorTest" time="0.0"/>
  <system-out><![CDATA[]]></system-out>
  <system-err><![CDATA[]]></system-err>
</testsuite>
