<?xml version="1.0" encoding="UTF-8"?>
<testsuite name="is.ru.stringcalculator.CalculatorTest" tests="1" skipped="0" failures="0" errors="0" timestamp="2017-10-09T12:46:38" hostname="DESKTOP-K49HUV0" time="0.003">
  <properties/>
  <testcase name="testEmptyString" classname="is.ru.stringcalculator.CalculatorTest" time="0.003"/>
  <system-out><![CDATA[]]></system-out>
  <system-err><![CDATA[]]></system-err>
</testsuite>
